<?xml version="1.0" encoding="UTF-8"?>
<testsuite name="usersUITest" tests="1" skipped="0" failures="0" errors="0" timestamp="2020-08-10T20:52:53" hostname="HP" time="0.115">
  <properties/>
  <testcase name="toJson" classname="usersUITest" time="0.115"/>
  <system-out><![CDATA[Settings lost
]]></system-out>
  <system-err><![CDATA[]]></system-err>
</testsuite>
