<?xml version="1.0" encoding="UTF-8"?>
<testsuite name="serverUITest" tests="1" skipped="0" failures="0" errors="0" timestamp="2020-08-09T16:55:06" hostname="HP" time="0.004">
  <properties/>
  <testcase name="toJson" classname="serverUITest" time="0.004"/>
  <system-out><![CDATA[Задача №1:
Создать сервис автоматической оплаты на платной дороге
Исполнительный отдел: Разработчики
Сотрудник: Иванов Иван
]]></system-out>
  <system-err><![CDATA[]]></system-err>
</testsuite>
